2025-04-01 14:20:57,314 - ============NEW RUN============
2025-04-01 14:20:57,315 - =MARKET DATA=
2025-04-01 14:21:04,080 - Total number of borrow accounts: 3163
2025-04-01 14:21:04,081 - Number of unique borrow addresses: 2968
2025-04-01 14:21:04,272 - Lent amount: {'AUSD': 100332.783451, 'USDC': 218664.825546, 'SOL': 300.77141589, 'ATOM': 29336.018896, 'TIA': 12179.290099, 'INJ': 398211.6400589665, 'WETH': 6.3691090500169185, 'USDT': 623131.302588}
2025-04-01 14:21:04,467 - Borrowed amount: {'AUSD': 34742.52299, 'USDC': 177160.009564, 'SOL': 46.95266517, 'ATOM': 19200.701638, 'TIA': 8186.566596, 'INJ': 296429.27358259895, 'WETH': 2.7681981039519292, 'USDT': 377126.983245}
2025-04-01 14:21:04,666 - Borrow rates: {'AUSD': '3.71%', 'USDC': '6.98%', 'SOL': '1.15%', 'ATOM': '3.08%', 'TIA': '4.9%', 'INJ': '2.07%', 'WETH': '2.19%', 'USDT': '5.06%'}
2025-04-01 14:21:04,858 - Lending rates: {'AUSD': '0.59%', 'USDC': '4.03%', 'SOL': '0.02%', 'ATOM': '1.36%', 'TIA': '2.62%', 'INJ': '0.8%', 'WETH': '0.52%', 'USDT': '1.85%'}
2025-04-01 14:21:09,256 - nToken circulating supply: {'natom': '28017', 'nusdt': '515805', 'nusdc': '197243', 'ninj': '377490', 'nweth': '6', 'nausd': '100199', 'nsol': '298', 'ntia': '11486'}
2025-04-01 14:21:09,257 - =PRICE DATA=
2025-04-01 14:21:12,758 - Token prices: {'INJ': '$8.99487289', 'USDT': '$0.99996971', 'USDC': '$1.00001143', 'ATOM': '$4.41179011', 'SOL': '$126.70708663', 'TIA': '$3.14147822', 'WETH': '$1914.77886191', 'AUSD': '$0.99953184', 'NEPT': '$0.266733529317605493', 'hINJ': '$8.99497082', 'nINJ': '$9.48873279570116017', 'nUSDT': '$1.208018087537888915', 'nUSDC': '$1.108618091253857749', 'nSOL': '$127.864124800587003897', 'nATOM': '$4.619396438585956131', 'nWETH': '$1979.97018224863714684', 'nAUSD': '$1.000856953885209869', 'nTIA': '$3.330951335847409296'}
2025-04-01 14:21:12,758 - =CONTRACT DATA=
2025-04-01 14:21:13,974 - nToken contract executes: {'hINJ': '335236', 'nINJ': '36106', 'nUSDT': '32895', 'nUSDC': '6312', 'nSOL': '193', 'nATOM': '4594', 'nWETH': '2341', 'nAUSD': '18', 'nTIA': '5161'}
2025-04-01 14:21:14,101 - Market contract executes: 193173
2025-04-01 14:21:14,101 - =NEPT DATA=
2025-04-01 14:21:14,402 - NEPT circulating supply: 3531353
2025-04-01 14:21:14,590 - NEPT emission rate: 50000.0 (annual)
2025-04-01 14:21:14,780 - NEPT staking amounts: {'staking_pool_1': 25998.267039, 'staking_pool_2': 43025.022835, 'staking_pool_3': 348438.135482}
2025-04-01 14:21:14,780 - NEPT total bonded: 417461.425356
2025-04-01 14:21:15,155 - NEPT staking rates: {'pool_1': '4.32%', 'pool_2': '8.64%', 'pool_3': '12.96%'}
2025-04-09 13:59:34,877 - ============NEW RUN============
2025-04-09 13:59:34,877 - =MARKET DATA=
2025-04-09 13:59:53,809 - Total number of borrow accounts: 3080
2025-04-09 13:59:53,809 - Number of unique borrow addresses: 2890
2025-04-09 13:59:54,062 - Lent amount: {'AUSD': 100344.144894, 'USDC': 190031.031438, 'SOL': 306.55710708, 'ATOM': 30403.680529, 'TIA': 12561.08872, 'INJ': 395868.63919382327, 'WETH': 7.491703992282754, 'USDT': 358963.264413}
2025-04-09 13:59:54,304 - Borrowed amount: {'AUSD': 31180.789026, 'USDC': 150303.31042, 'SOL': 46.96436525, 'ATOM': 19557.484289, 'TIA': 7434.498425, 'INJ': 313458.4123208244, 'WETH': 2.5409746666210284, 'USDT': 247786.135664}
2025-04-09 13:59:54,551 - Borrow rates: {'AUSD': '2.54%', 'USDC': '6.63%', 'SOL': '1.15%', 'ATOM': '3.24%', 'TIA': '2.51%', 'INJ': '2.36%', 'WETH': '1.36%', 'USDT': '4.45%'}
2025-04-09 13:59:54,796 - Lending rates: {'AUSD': '0.48%', 'USDC': '4.45%', 'SOL': '0.02%', 'ATOM': '1.44%', 'TIA': '0.89%', 'INJ': '1.07%', 'WETH': '0.12%', 'USDT': '2.38%'}
2025-04-09 14:00:00,718 - nToken circulating supply: {'natom': '29026', 'nusdt': '296897', 'nusdc': '171191', 'ninj': '375188', 'nweth': '7', 'nausd': '100199', 'nsol': '303', 'ntia': '11843'}
2025-04-09 14:00:00,718 - =PRICE DATA=
2025-04-09 14:00:05,980 - Token prices: {'INJ': '$8.12084096', 'USDT': '$0.99961495', 'USDC': '$0.9999857', 'ATOM': '$4.55087407', 'SOL': '$120.10751464', 'TIA': '$2.5779093', 'WETH': '$1673.55330602', 'AUSD': '$0.99929624', 'NEPT': '$0.214889707075849261', 'hINJ': '$8.12084096', 'nINJ': '$8.568452662827955949', 'nUSDT': '$1.208580657191014928', 'nUSDC': '$1.11003104437807848', 'nSOL': '$121.159365302084531154', 'nATOM': '$4.765056889691076375', 'nWETH': '$1730.966296692641627599', 'nAUSD': '$1.000734239303125331', 'nTIA': '$2.733537367876028355'}
2025-04-09 14:00:05,980 - =CONTRACT DATA=
2025-04-09 14:00:07,890 - nToken contract executes: {'hINJ': '336514', 'nINJ': '36342', 'nUSDT': '33737', 'nUSDC': '6427', 'nSOL': '200', 'nATOM': '4808', 'nWETH': '2369', 'nAUSD': '18', 'nTIA': '5180'}
2025-04-09 14:00:08,072 - Market contract executes: 195133
2025-04-09 14:00:08,072 - =NEPT DATA=
2025-04-09 14:00:08,747 - NEPT circulating supply: 3518997
2025-04-09 14:00:08,983 - NEPT emission rate: 50000.0 (annual)
2025-04-09 14:00:09,228 - NEPT staking amounts: {'staking_pool_1': 26015.886531, 'staking_pool_2': 42342.404506, 'staking_pool_3': 383726.972024}
2025-04-09 14:00:09,228 - NEPT total bonded: 452085.26306100003
2025-04-09 14:00:09,706 - NEPT staking rates: {'pool_1': '3.96%', 'pool_2': '7.92%', 'pool_3': '11.89%'}
